<?xml version="1.0" encoding="UTF-8"?>
<!-- Generated by org.testng.reporters.JUnitXMLReporter -->
<testsuite ignored="0" hostname="LAPTOP-ML7ORHO5" failures="1" tests="2" name="EdgeTests" time="13.357" errors="0" timestamp="2023-09-05T19:33:48 IST">
  <testcase classname="testCases.TC_001_CheckRegistration" name="test_account_Registration" time="2.006"/>
  <testcase classname="testCases.TC_002_CheckLogin" name="test_Login" time="2.371">
    <failure type="java.lang.AssertionError" message="null">
      <![CDATA[java.lang.AssertionError: null
at testCases.TC_002_CheckLogin.test_Login(TC_002_CheckLogin.java:35)
at java.base/java.util.ArrayList.forEach(ArrayList.java:1511)
at java.base/java.util.concurrent.FutureTask.run(FutureTask.java:264)
at java.base/java.util.concurrent.ThreadPoolExecutor.runWorker(ThreadPoolExecutor.java:1136)
at java.base/java.util.concurrent.ThreadPoolExecutor$Worker.run(ThreadPoolExecutor.java:635)
at java.base/java.lang.Thread.run(Thread.java:833)
... Removed 19 stack frames]]>
    </failure>
  </testcase> <!-- test_Login -->
</testsuite> <!-- EdgeTests -->
